<?xml version="1.0" encoding="UTF-8"?>
<!-- Generated by org.testng.reporters.JUnitXMLReporter -->
<testsuite ignored="2" hostname="RHARISHs-MacBook-Air.local" failures="0" tests="9" name="Default test" time="60.539" errors="0" timestamp="2022-11-09T14:12:26 IST">
  <testcase classname="TestNg.TestNg" name="browserLaunch" time="16.241"/>
  <testcase classname="TestNg.TestNg" name="getText" time="3.054"/>
  <testcase classname="TestNg.TestNg" name="userName" time="0.135"/>
  <testcase classname="TestNg.TestNg" name="passWord" time="0.112"/>
  <testcase classname="TestNg.TestNg" name="logIn" time="5.092"/>
  <testcase classname="TestNg.TestNg" name="navigateBack" time="25.124"/>
  <testcase classname="TestNg.TestNg" name="createAccount" time="4.151"/>
  <testcase classname="TestNg.TestNg" name="userDetails" time="3.374"/>
  <testcase classname="TestNg.TestNg" name="submit" time="3.134"/>
  <testcase classname="TestNg.TestNg" name="takeScreenshot" time="0.0">
    <ignored/>
  </testcase> <!-- takeScreenshot -->
  <testcase classname="TestNg.TestNg" name="radioButton" time="0.0">
    <ignored/>
  </testcase> <!-- radioButton -->
</testsuite> <!-- Default test -->
